Using pre-set license
Built from '2022.3/staging' branch; Version is '2022.3.28f1 (6bae5ce6b222) revision 7056988'; Using compiler version '192829333'; Build Type 'Release'
OS: 'Windows 11  (10.0.22631) 64bit Education' Language: 'en' Physical Memory: 130965 MB
BatchMode: 1, IsHumanControllingUs: 0, StartBugReporterOnCrash: 0, Is64bit: 1, IsPro: 1

COMMAND LINE ARGUMENTS:
C:\Program Files\Unity\Hub\Editor\2022.3.28f1\Editor\Unity.exe
-adb2
-batchMode
-noUpm
-name
AssetImportWorker5
-projectPath
C:/Users/c/Dropbox/GitHub/FootsiesV2
-logFile
Logs/AssetImportWorker5.log
-srvPort
65162
Successfully changed project path to: C:/Users/c/Dropbox/GitHub/FootsiesV2
C:/Users/c/Dropbox/GitHub/FootsiesV2
[UnityMemory] Configuration Parameters - Can be set up in boot.config
    "memorysetup-bucket-allocator-granularity=16"
    "memorysetup-bucket-allocator-bucket-count=8"
    "memorysetup-bucket-allocator-block-size=33554432"
    "memorysetup-bucket-allocator-block-count=8"
    "memorysetup-main-allocator-block-size=16777216"
    "memorysetup-thread-allocator-block-size=16777216"
    "memorysetup-gfx-main-allocator-block-size=16777216"
    "memorysetup-gfx-thread-allocator-block-size=16777216"
    "memorysetup-cache-allocator-block-size=4194304"
    "memorysetup-typetree-allocator-block-size=2097152"
    "memorysetup-profiler-bucket-allocator-granularity=16"
    "memorysetup-profiler-bucket-allocator-bucket-count=8"
    "memorysetup-profiler-bucket-allocator-block-size=33554432"
    "memorysetup-profiler-bucket-allocator-block-count=8"
    "memorysetup-profiler-allocator-block-size=16777216"
    "memorysetup-profiler-editor-allocator-block-size=1048576"
    "memorysetup-temp-allocator-size-main=16777216"
    "memorysetup-job-temp-allocator-block-size=2097152"
    "memorysetup-job-temp-allocator-block-size-background=1048576"
    "memorysetup-job-temp-allocator-reduction-small-platforms=262144"
    "memorysetup-allocator-temp-initial-block-size-main=262144"
    "memorysetup-allocator-temp-initial-block-size-worker=262144"
    "memorysetup-temp-allocator-size-background-worker=32768"
    "memorysetup-temp-allocator-size-job-worker=262144"
    "memorysetup-temp-allocator-size-preload-manager=33554432"
    "memorysetup-temp-allocator-size-nav-mesh-worker=65536"
    "memorysetup-temp-allocator-size-audio-worker=65536"
    "memorysetup-temp-allocator-size-cloud-worker=32768"
    "memorysetup-temp-allocator-size-gi-baking-worker=262144"
    "memorysetup-temp-allocator-size-gfx=262144"
Player connection [41056] Host "[IP] 192.168.86.126 [Port] 0 [Flags] 2 [Guid] 2320296106 [EditorId] 2320296106 [Version] 1048832 [Id] WindowsEditor(7,DESKTOP-7PNC6K9) [Debug] 1 [PackageName] WindowsEditor [ProjectName] Editor" joined multi-casting on [225.0.0.222:54997]...

Player connection [41056] Host "[IP] 192.168.86.126 [Port] 0 [Flags] 2 [Guid] 2320296106 [EditorId] 2320296106 [Version] 1048832 [Id] WindowsEditor(7,DESKTOP-7PNC6K9) [Debug] 1 [PackageName] WindowsEditor [ProjectName] Editor" joined alternative multi-casting on [225.0.0.222:34997]...

[Physics::Module] Initialized MultithreadedJobDispatcher with 47 workers.
Refreshing native plugins compatible for Editor in 55.40 ms, found 6 plugins.
Preloading 0 native plugins for Editor in 0.00 ms.
Initialize engine version: 2022.3.28f1 (6bae5ce6b222)
[Subsystems] Discovering subsystems at path C:/Program Files/Unity/Hub/Editor/2022.3.28f1/Editor/Data/Resources/UnitySubsystems
[Subsystems] Discovering subsystems at path C:/Users/c/Dropbox/GitHub/FootsiesV2/Assets
GfxDevice: creating device client; threaded=0; jobified=0
Direct3D:
    Version:  Direct3D 11.0 [level 11.1]
    Renderer: NVIDIA GeForce RTX 3090 (ID=0x2204)
    Vendor:   NVIDIA
    VRAM:     24326 MB
    Driver:   32.0.15.6094
Initialize mono
Mono path[0] = 'C:/Program Files/Unity/Hub/Editor/2022.3.28f1/Editor/Data/Managed'
Mono path[1] = 'C:/Program Files/Unity/Hub/Editor/2022.3.28f1/Editor/Data/MonoBleedingEdge/lib/mono/unityjit-win32'
Mono config path = 'C:/Program Files/Unity/Hub/Editor/2022.3.28f1/Editor/Data/MonoBleedingEdge/etc'
Using monoOptions --debugger-agent=transport=dt_socket,embedding=1,server=y,suspend=n,address=127.0.0.1:56672
Begin MonoManager ReloadAssembly
Registering precompiled unity dll's ...
Register platform support module: C:/Program Files/Unity/Hub/Editor/2022.3.28f1/Editor/Data/PlaybackEngines/WebGLSupport/UnityEditor.WebGL.Extensions.dll
Register platform support module: C:/Program Files/Unity/Hub/Editor/2022.3.28f1/Editor/Data/PlaybackEngines/WindowsStandaloneSupport/UnityEditor.WindowsStandalone.Extensions.dll
Register platform support module: C:/Program Files/Unity/Hub/Editor/2022.3.28f1/Editor/Data/PlaybackEngines/LinuxStandaloneSupport/UnityEditor.LinuxStandalone.Extensions.dll
Registered in 0.009634 seconds.
- Loaded All Assemblies, in  0.318 seconds
Native extension for LinuxStandalone target not found
Native extension for WindowsStandalone target not found
Native extension for WebGL target not found
Mono: successfully reloaded assembly
- Finished resetting the current domain, in  0.246 seconds
Domain Reload Profiling: 563ms
	BeginReloadAssembly (95ms)
		ExecutionOrderSort (0ms)
		DisableScriptedObjects (0ms)
		BackupInstance (0ms)
		ReleaseScriptingObjects (0ms)
		CreateAndSetChildDomain (1ms)
	RebuildCommonClasses (32ms)
	RebuildNativeTypeToScriptingClass (11ms)
	initialDomainReloadingComplete (52ms)
	LoadAllAssembliesAndSetupDomain (127ms)
		LoadAssemblies (92ms)
		RebuildTransferFunctionScriptingTraits (0ms)
		AnalyzeDomain (125ms)
			TypeCache.Refresh (124ms)
				TypeCache.ScanAssembly (112ms)
			ScanForSourceGeneratedMonoScriptInfo (0ms)
			ResolveRequiredComponents (0ms)
	FinalizeReload (246ms)
		ReleaseScriptCaches (0ms)
		RebuildScriptCaches (0ms)
		SetupLoadedEditorAssemblies (193ms)
			LogAssemblyErrors (0ms)
			InitializePlatformSupportModulesInManaged (13ms)
			SetLoadedEditorAssemblies (5ms)
			RefreshPlugins (0ms)
			BeforeProcessingInitializeOnLoad (2ms)
			ProcessInitializeOnLoadAttributes (131ms)
			ProcessInitializeOnLoadMethodAttributes (42ms)
			AfterProcessingInitializeOnLoad (0ms)
			EditorAssembliesLoaded (0ms)
		ExecutionOrderSort2 (0ms)
		AwakeInstancesAfterBackupRestoration (0ms)
========================================================================
Worker process is ready to serve import requests
Begin MonoManager ReloadAssembly
Duplicate assembly 'System.Runtime.CompilerServices.Unsafe.dll' with different versions detected, using 'Assets/Plugins/system.runtime.compilerservices.unsafe/6.0.0/lib/netstandard2.0/System.Runtime.CompilerServices.Unsafe.dll, AssemblyName=System.Runtime.CompilerServices.Unsafe, Version=6.0.0.0, Culture=neutral, PublicKeyToken=b03f5f7f11d50a3a' and ignoring 'Assets/Plugins/system.runtime.compilerservices.unsafe/4.5.3/ref/netstandard2.0/System.Runtime.CompilerServices.Unsafe.dll, AssemblyName=System.Runtime.CompilerServices.Unsafe, Version=4.0.4.1, Culture=neutral, PublicKeyToken=b03f5f7f11d50a3a'.Duplicate assembly 'System.Runtime.CompilerServices.Unsafe.dll' with different versions detected, using 'Assets/Plugins/system.runtime.compilerservices.unsafe/6.0.0/lib/netstandard2.0/System.Runtime.CompilerServices.Unsafe.dll, AssemblyName=System.Runtime.CompilerServices.Unsafe, Version=6.0.0.0, Culture=neutral, PublicKeyToken=b03f5f7f11d50a3a' and ignoring 'Assets/Plugins/system.runtime.compilerservices.unsafe/4.5.3/lib/net461/System.Runtime.CompilerServices.Unsafe.dll, AssemblyName=System.Runtime.CompilerServices.Unsafe, Version=4.0.4.1, Culture=neutral, PublicKeyToken=b03f5f7f11d50a3a'.Duplicate assembly 'System.Runtime.CompilerServices.Unsafe.dll' with different versions detected, using 'Assets/Plugins/system.runtime.compilerservices.unsafe/6.0.0/lib/netstandard2.0/System.Runtime.CompilerServices.Unsafe.dll, AssemblyName=System.Runtime.CompilerServices.Unsafe, Version=6.0.0.0, Culture=neutral, PublicKeyToken=b03f5f7f11d50a3a' and ignoring 'Assets/Plugins/system.runtime.compilerservices.unsafe/4.5.3/lib/netstandard1.0/System.Runtime.CompilerServices.Unsafe.dll, AssemblyName=System.Runtime.CompilerServices.Unsafe, Version=4.0.4.1, Culture=neutral, PublicKeyToken=b03f5f7f11d50a3a'.Duplicate assembly 'System.Runtime.CompilerServices.Unsafe.dll' with different versions detected, using 'Assets/Plugins/system.runtime.compilerservices.unsafe/6.0.0/lib/netstandard2.0/System.Runtime.CompilerServices.Unsafe.dll, AssemblyName=System.Runtime.CompilerServices.Unsafe, Version=6.0.0.0, Culture=neutral, PublicKeyToken=b03f5f7f11d50a3a' and ignoring 'Assets/Plugins/system.runtime.compilerservices.unsafe/4.5.3/lib/netstandard2.0/System.Runtime.CompilerServices.Unsafe.dll, AssemblyName=System.Runtime.CompilerServices.Unsafe, Version=4.0.4.1, Culture=neutral, PublicKeyToken=b03f5f7f11d50a3a'.Duplicate assembly 'System.Runtime.CompilerServices.Unsafe.dll' with different versions detected, using 'Assets/Plugins/system.runtime.compilerservices.unsafe/6.0.0/lib/netstandard2.0/System.Runtime.CompilerServices.Unsafe.dll, AssemblyName=System.Runtime.CompilerServices.Unsafe, Version=6.0.0.0, Culture=neutral, PublicKeyToken=b03f5f7f11d50a3a' and ignoring 'Assets/Plugins/system.runtime.compilerservices.unsafe/4.5.3/ref/net461/System.Runtime.CompilerServices.Unsafe.dll, AssemblyName=System.Runtime.CompilerServices.Unsafe, Version=4.0.4.1, Culture=neutral, PublicKeyToken=b03f5f7f11d50a3a'.Duplicate assembly 'System.Runtime.CompilerServices.Unsafe.dll' with different versions detected, using 'Assets/Plugins/system.runtime.compilerservices.unsafe/6.0.0/lib/netstandard2.0/System.Runtime.CompilerServices.Unsafe.dll, AssemblyName=System.Runtime.CompilerServices.Unsafe, Version=6.0.0.0, Culture=neutral, PublicKeyToken=b03f5f7f11d50a3a' and ignoring 'Assets/Plugins/system.runtime.compilerservices.unsafe/4.5.2/ref/netstandard2.0/System.Runtime.CompilerServices.Unsafe.dll, AssemblyName=System.Runtime.CompilerServices.Unsafe, Version=4.0.4.1, Culture=neutral, PublicKeyToken=b03f5f7f11d50a3a'.Duplicate assembly 'System.Runtime.CompilerServices.Unsafe.dll' with different versions detected, using 'Assets/Plugins/system.runtime.compilerservices.unsafe/6.0.0/lib/netstandard2.0/System.Runtime.CompilerServices.Unsafe.dll, AssemblyName=System.Runtime.CompilerServices.Unsafe, Version=6.0.0.0, Culture=neutral, PublicKeyToken=b03f5f7f11d50a3a' and ignoring 'Assets/Plugins/system.runtime.compilerservices.unsafe/4.5.2/lib/netstandard2.0/System.Runtime.CompilerServices.Unsafe.dll, AssemblyName=System.Runtime.CompilerServices.Unsafe, Version=4.0.4.1, Culture=neutral, PublicKeyToken=b03f5f7f11d50a3a'.Duplicate assembly 'System.Runtime.CompilerServices.Unsafe.dll' with different versions detected, using 'Assets/Plugins/system.runtime.compilerservices.unsafe/6.0.0/lib/netstandard2.0/System.Runtime.CompilerServices.Unsafe.dll, AssemblyName=System.Runtime.CompilerServices.Unsafe, Version=6.0.0.0, Culture=neutral, PublicKeyToken=b03f5f7f11d50a3a' and ignoring 'Assets/Plugins/system.runtime.compilerservices.unsafe/4.5.2/lib/netcoreapp2.0/System.Runtime.CompilerServices.Unsafe.dll, AssemblyName=System.Runtime.CompilerServices.Unsafe, Version=4.0.4.1, Culture=neutral, PublicKeyToken=b03f5f7f11d50a3a'.Duplicate assembly 'System.Runtime.CompilerServices.Unsafe.dll' with different versions detected, using 'Assets/Plugins/system.runtime.compilerservices.unsafe/6.0.0/lib/netstandard2.0/System.Runtime.CompilerServices.Unsafe.dll, AssemblyName=System.Runtime.CompilerServices.Unsafe, Version=6.0.0.0, Culture=neutral, PublicKeyToken=b03f5f7f11d50a3a' and ignoring 'Assets/Plugins/system.runtime.compilerservices.unsafe/4.5.2/lib/netstandard1.0/System.Runtime.CompilerServices.Unsafe.dll, AssemblyName=System.Runtime.CompilerServices.Unsafe, Version=4.0.4.1, Culture=neutral, PublicKeyToken=b03f5f7f11d50a3a'.Duplicate assembly 'System.Runtime.CompilerServices.Unsafe.dll' with different versions detected, using 'Assets/Plugins/system.runtime.compilerservices.unsafe/6.0.0/lib/netstandard2.0/System.Runtime.CompilerServices.Unsafe.dll, AssemblyName=System.Runtime.CompilerServices.Unsafe, Version=6.0.0.0, Culture=neutral, PublicKeyToken=b03f5f7f11d50a3a' and ignoring 'Assets/Plugins/system.runtime.compilerservices.unsafe/4.5.2/ref/netstandard1.0/System.Runtime.CompilerServices.Unsafe.dll, AssemblyName=System.Runtime.CompilerServices.Unsafe, Version=4.0.4.1, Culture=neutral, PublicKeyToken=b03f5f7f11d50a3a'.Duplicate assembly 'System.Runtime.CompilerServices.Unsafe.dll' with different versions detected, using 'Assets/Plugins/system.runtime.compilerservices.unsafe/6.0.0/lib/netstandard2.0/System.Runtime.CompilerServices.Unsafe.dll, AssemblyName=System.Runtime.CompilerServices.Unsafe, Version=6.0.0.0, Culture=neutral, PublicKeyToken=b03f5f7f11d50a3a' and ignoring 'Assets/Plugins/system.runtime.compilerservices.unsafe/4.5.3/lib/netcoreapp2.0/System.Runtime.CompilerServices.Unsafe.dll, AssemblyName=System.Runtime.CompilerServices.Unsafe, Version=4.0.4.1, Culture=neutral, PublicKeyToken=b03f5f7f11d50a3a'.Duplicate assembly 'Google.Protobuf.dll' with different versions detected, using 'Assets/Plugins/google.protobuf/3.26.1/lib/netstandard1.1/Google.Protobuf.dll, AssemblyName=Google.Protobuf, Version=3.26.1.0, Culture=neutral, PublicKeyToken=a7d26565bac4d604' and ignoring 'Packages/com.unity.barracuda/Barracuda/Runtime/Plugins/ProtoBuffer/Google.Protobuf.dll, AssemblyName=Google.Protobuf, Version=3.9.1.0, Culture=neutral, PublicKeyToken=a7d26565bac4d604'.Symbol file LoadedFromMemory is not a mono symbol file
- Loaded All Assemblies, in  0.917 seconds
Refreshing native plugins compatible for Editor in 20.13 ms, found 6 plugins.
Native extension for LinuxStandalone target not found
Native extension for WindowsStandalone target not found
Native extension for WebGL target not found
Package Manager log level set to [2]
[Package Manager] Server::EnsureServerProcessIsRunning -- launch failed, reason: Unity was launched with the -noUpm command-line argument
[Package Manager] UpmClient::Send -- Unable to send message (not connected to UPM process).
[Package Manager] Cannot connect to Unity Package Manager local server
Mono: successfully reloaded assembly
- Finished resetting the current domain, in  1.012 seconds
Domain Reload Profiling: 1924ms
	BeginReloadAssembly (171ms)
		ExecutionOrderSort (0ms)
		DisableScriptedObjects (6ms)
		BackupInstance (0ms)
		ReleaseScriptingObjects (0ms)
		CreateAndSetChildDomain (24ms)
	RebuildCommonClasses (33ms)
	RebuildNativeTypeToScriptingClass (10ms)
	initialDomainReloadingComplete (44ms)
	LoadAllAssembliesAndSetupDomain (654ms)
		LoadAssemblies (562ms)
		RebuildTransferFunctionScriptingTraits (0ms)
		AnalyzeDomain (176ms)
			TypeCache.Refresh (150ms)
				TypeCache.ScanAssembly (134ms)
			ScanForSourceGeneratedMonoScriptInfo (21ms)
			ResolveRequiredComponents (4ms)
	FinalizeReload (1012ms)
		ReleaseScriptCaches (0ms)
		RebuildScriptCaches (0ms)
		SetupLoadedEditorAssemblies (843ms)
			LogAssemblyErrors (0ms)
			InitializePlatformSupportModulesInManaged (20ms)
			SetLoadedEditorAssemblies (5ms)
			RefreshPlugins (0ms)
			BeforeProcessingInitializeOnLoad (85ms)
			ProcessInitializeOnLoadAttributes (468ms)
			ProcessInitializeOnLoadMethodAttributes (257ms)
			AfterProcessingInitializeOnLoad (9ms)
			EditorAssembliesLoaded (0ms)
		ExecutionOrderSort2 (0ms)
		AwakeInstancesAfterBackupRestoration (10ms)
Launched and connected shader compiler UnityShaderCompiler.exe after 0.24 seconds
Refreshing native plugins compatible for Editor in 28.52 ms, found 6 plugins.
Preloading 0 native plugins for Editor in 0.00 ms.
Unloading 3455 Unused Serialized files (Serialized files now loaded: 0)
Unloading 180 unused Assets / (27.8 MB). Loaded Objects now: 3800.
Memory consumption went from 184.8 MB to 157.0 MB.
Total: 17.573300 ms (FindLiveObjects: 0.571000 ms CreateObjectMapping: 0.142900 ms MarkObjects: 9.686500 ms  DeleteObjects: 7.171000 ms)

AssetImportParameters requested are different than current active one (requested -> active):
  custom:container-demuxer-ogg: 62fdf1f143b41e24485cea50d1cbac27 -> 
  custom:video-decoder-ogg-theora: a1e56fd34408186e4bbccfd4996cb3dc -> 
  custom:framework-win-MediaFoundation: 216162199b28c13a410421893ffa2e32 -> 
  custom:CustomObjectIndexerAttribute: 9a22284fe3817be447336de3de66b15e -> 
  custom:container-demuxer-webm: 4f35f7cbe854078d1ac9338744f61a02 -> 
  custom:container-muxer-webm: aa71ff27fc2769a1b78a27578f13a17b -> 
  custom:video-decoder-webm-vp8: 9c59270c3fd7afecdb556c50c9e8de78 -> 
  custom:SearchIndexIgnoredProperties: e643bd26f0fe6173181afceb89e7c659 -> 
  custom:AudioImporter_EditorPlatform: d09bf68614088b80899f8185d706f6e7 -> 
  custom:video-encoder-webm-vp8: eb34c28f22e8b96e1ab97ce403110664 -> 
  custom:audio-decoder-ogg-vorbis: bf7c407c2cedff20999df2af8eb42d56 -> 
  custom:audio-encoder-webm-vorbis: bf7c407c2cedff20999df2af8eb42d56 -> 
========================================================================
Received Import Request.
  Time since last request: 2768.894112 seconds.
  path: Assets/Art/MenuButton.png
  artifactKey: Guid(6cbb44f8613d28f4db106c8de4d473f0) Importer(815301076,1909f56bfc062723c751e8b465ee728b)
Start importing Assets/Art/MenuButton.png using Guid(6cbb44f8613d28f4db106c8de4d473f0) Importer(815301076,1909f56bfc062723c751e8b465ee728b)  -> (artifact id: 'd7b48c63d868d6521bfe38b21c0cb32f') in 0.094682 seconds
Number of updated asset objects reloaded before import = 0
Number of asset objects unloaded after import = 5
========================================================================
Received Import Request.
  Time since last request: 0.000030 seconds.
  path: Assets/Art/UI.png
  artifactKey: Guid(e2f751781ac3ccd48bd6c994f09486fc) Importer(815301076,1909f56bfc062723c751e8b465ee728b)
Start importing Assets/Art/UI.png using Guid(e2f751781ac3ccd48bd6c994f09486fc) Importer(815301076,1909f56bfc062723c751e8b465ee728b)  -> (artifact id: '85c5941d919f9703c280d939f22f1ab2') in 0.036852 seconds
Number of updated asset objects reloaded before import = 0
Number of asset objects unloaded after import = 6
========================================================================
Received Import Request.
  Time since last request: 121.258748 seconds.
  path: Assets/Art/Fighters/F00/F00_Attack_1.png
  artifactKey: Guid(587dbca6669ece74ea1d142acc9a945c) Importer(815301076,1909f56bfc062723c751e8b465ee728b)
Start importing Assets/Art/Fighters/F00/F00_Attack_1.png using Guid(587dbca6669ece74ea1d142acc9a945c) Importer(815301076,1909f56bfc062723c751e8b465ee728b)  -> (artifact id: '43dd96bbb8b36325a8a7dff37f5ec8e5') in 0.026440 seconds
Number of updated asset objects reloaded before import = 0
Number of asset objects unloaded after import = 10
========================================================================
Received Import Request.
  Time since last request: 0.000019 seconds.
  path: Assets/Art/Fighters/F00/F00_Backward.png
  artifactKey: Guid(1734db54d2e16324b93d41498b5c1e4b) Importer(815301076,1909f56bfc062723c751e8b465ee728b)
Start importing Assets/Art/Fighters/F00/F00_Backward.png using Guid(1734db54d2e16324b93d41498b5c1e4b) Importer(815301076,1909f56bfc062723c751e8b465ee728b)  -> (artifact id: 'da1a96b018b41f304d07c7494b406987') in 0.024479 seconds
Number of updated asset objects reloaded before import = 0
Number of asset objects unloaded after import = 8
========================================================================
Received Import Request.
  Time since last request: 0.000045 seconds.
  path: Assets/Art/Fighters/F00/F00_Damage.png
  artifactKey: Guid(d5dd9319f130a7044bedbec1d2aa60f8) Importer(815301076,1909f56bfc062723c751e8b465ee728b)
Start importing Assets/Art/Fighters/F00/F00_Damage.png using Guid(d5dd9319f130a7044bedbec1d2aa60f8) Importer(815301076,1909f56bfc062723c751e8b465ee728b)  -> (artifact id: '2ef566cf2af4f3e8d46990dec5a5fadd') in 0.019429 seconds
Number of updated asset objects reloaded before import = 0
Number of asset objects unloaded after import = 6
========================================================================
Received Import Request.
  Time since last request: 0.000018 seconds.
  path: Assets/Art/Fighters/F00/F00_Forward.png
  artifactKey: Guid(bf3ab3d38fded0341a722c262b66dc4b) Importer(815301076,1909f56bfc062723c751e8b465ee728b)
Start importing Assets/Art/Fighters/F00/F00_Forward.png using Guid(bf3ab3d38fded0341a722c262b66dc4b) Importer(815301076,1909f56bfc062723c751e8b465ee728b)  -> (artifact id: 'e1bdd25d446a632b90a4e657038df2bf') in 0.022338 seconds
Number of updated asset objects reloaded before import = 0
Number of asset objects unloaded after import = 8
========================================================================
Received Import Request.
  Time since last request: 0.000018 seconds.
  path: Assets/Art/Fighters/F00/F00_GuardBreak.png
  artifactKey: Guid(bb00f0ee208d5c746bbbf968d632e99a) Importer(815301076,1909f56bfc062723c751e8b465ee728b)
Start importing Assets/Art/Fighters/F00/F00_GuardBreak.png using Guid(bb00f0ee208d5c746bbbf968d632e99a) Importer(815301076,1909f56bfc062723c751e8b465ee728b)  -> (artifact id: '03892e52a3b268fc5d3588fa44689b9c') in 0.014724 seconds
Number of updated asset objects reloaded before import = 0
Number of asset objects unloaded after import = 4
========================================================================
Received Import Request.
  Time since last request: 0.000018 seconds.
  path: Assets/Art/Fighters/F00/Idle_1.png
  artifactKey: Guid(ecda5babdb0afd844b6ce7b9dbf4fd05) Importer(815301076,1909f56bfc062723c751e8b465ee728b)
Start importing Assets/Art/Fighters/F00/Idle_1.png using Guid(ecda5babdb0afd844b6ce7b9dbf4fd05) Importer(815301076,1909f56bfc062723c751e8b465ee728b)  -> (artifact id: 'f6337a5ac03c20c704f1920dcc23902c') in 0.015282 seconds
Number of updated asset objects reloaded before import = 0
Number of asset objects unloaded after import = 3
========================================================================
Received Import Request.
  Time since last request: 0.000015 seconds.
  path: Assets/Art/Fighters/F00/Idle_3.png
  artifactKey: Guid(64505197e9ac14949a290cd990d15fa8) Importer(815301076,1909f56bfc062723c751e8b465ee728b)
Start importing Assets/Art/Fighters/F00/Idle_3.png using Guid(64505197e9ac14949a290cd990d15fa8) Importer(815301076,1909f56bfc062723c751e8b465ee728b)  -> (artifact id: '8cea42c16fb01661d2b922e5213ab8fe') in 0.014279 seconds
Number of updated asset objects reloaded before import = 0
Number of asset objects unloaded after import = 3
========================================================================
Received Import Request.
  Time since last request: 0.000075 seconds.
  path: Assets/Art/Fighters/F00/Idle_4.png
  artifactKey: Guid(34ece54f039d41a46a94b11648ca16c3) Importer(815301076,1909f56bfc062723c751e8b465ee728b)
Start importing Assets/Art/Fighters/F00/Idle_4.png using Guid(34ece54f039d41a46a94b11648ca16c3) Importer(815301076,1909f56bfc062723c751e8b465ee728b)  -> (artifact id: '1eb027a1e3da13d605d6694dba024eec') in 0.013961 seconds
Number of updated asset objects reloaded before import = 0
Number of asset objects unloaded after import = 3
========================================================================
Received Import Request.
  Time since last request: 0.000078 seconds.
  path: Assets/Art/Fighters/F00/F00_Attack_3.png
  artifactKey: Guid(e23593be89c6d394db43e38be839b18e) Importer(815301076,1909f56bfc062723c751e8b465ee728b)
Start importing Assets/Art/Fighters/F00/F00_Attack_3.png using Guid(e23593be89c6d394db43e38be839b18e) Importer(815301076,1909f56bfc062723c751e8b465ee728b)  -> (artifact id: '1b201d056cce64b8d6987332eb65875e') in 0.025004 seconds
Number of updated asset objects reloaded before import = 0
Number of asset objects unloaded after import = 9
========================================================================
Received Import Request.
  Time since last request: 0.000017 seconds.
  path: Assets/Art/Fighters/F00/Idle_2.png
  artifactKey: Guid(0e5444be280472d45ad33eb6b8b1bca9) Importer(815301076,1909f56bfc062723c751e8b465ee728b)
Start importing Assets/Art/Fighters/F00/Idle_2.png using Guid(0e5444be280472d45ad33eb6b8b1bca9) Importer(815301076,1909f56bfc062723c751e8b465ee728b)  -> (artifact id: '174e52a13d77829f22fb487cfd29c23c') in 0.014245 seconds
Number of updated asset objects reloaded before import = 0
Number of asset objects unloaded after import = 3
Editor requested this worker to shutdown with reason: Scaling down because of idle timeout
TcpMessagingSession - receive error: operation aborted. errorcode: 995, details: The I/O operation has been aborted because of either a thread exit or an application request.
AssetImportWorker is now disconnected from the server
Process exiting
Exiting without the bug reporter. Application will terminate with return code 0