Using pre-set license
Built from '2022.3/staging' branch; Version is '2022.3.28f1 (6bae5ce6b222) revision 7056988'; Using compiler version '192829333'; Build Type 'Release'
OS: 'Windows 11  (10.0.22631) 64bit Education' Language: 'en' Physical Memory: 130965 MB
BatchMode: 1, IsHumanControllingUs: 0, StartBugReporterOnCrash: 0, Is64bit: 1, IsPro: 1

COMMAND LINE ARGUMENTS:
C:\Program Files\Unity\Hub\Editor\2022.3.28f1\Editor\Unity.exe
-adb2
-batchMode
-noUpm
-name
AssetImportWorker0
-projectPath
C:/Users/c/Dropbox/GitHub/FootsiesV2
-logFile
Logs/AssetImportWorker0.log
-srvPort
65162
Successfully changed project path to: C:/Users/c/Dropbox/GitHub/FootsiesV2
C:/Users/c/Dropbox/GitHub/FootsiesV2
[UnityMemory] Configuration Parameters - Can be set up in boot.config
    "memorysetup-bucket-allocator-granularity=16"
    "memorysetup-bucket-allocator-bucket-count=8"
    "memorysetup-bucket-allocator-block-size=33554432"
    "memorysetup-bucket-allocator-block-count=8"
    "memorysetup-main-allocator-block-size=16777216"
    "memorysetup-thread-allocator-block-size=16777216"
    "memorysetup-gfx-main-allocator-block-size=16777216"
    "memorysetup-gfx-thread-allocator-block-size=16777216"
    "memorysetup-cache-allocator-block-size=4194304"
    "memorysetup-typetree-allocator-block-size=2097152"
    "memorysetup-profiler-bucket-allocator-granularity=16"
    "memorysetup-profiler-bucket-allocator-bucket-count=8"
    "memorysetup-profiler-bucket-allocator-block-size=33554432"
    "memorysetup-profiler-bucket-allocator-block-count=8"
    "memorysetup-profiler-allocator-block-size=16777216"
    "memorysetup-profiler-editor-allocator-block-size=1048576"
    "memorysetup-temp-allocator-size-main=16777216"
    "memorysetup-job-temp-allocator-block-size=2097152"
    "memorysetup-job-temp-allocator-block-size-background=1048576"
    "memorysetup-job-temp-allocator-reduction-small-platforms=262144"
    "memorysetup-allocator-temp-initial-block-size-main=262144"
    "memorysetup-allocator-temp-initial-block-size-worker=262144"
    "memorysetup-temp-allocator-size-background-worker=32768"
    "memorysetup-temp-allocator-size-job-worker=262144"
    "memorysetup-temp-allocator-size-preload-manager=33554432"
    "memorysetup-temp-allocator-size-nav-mesh-worker=65536"
    "memorysetup-temp-allocator-size-audio-worker=65536"
    "memorysetup-temp-allocator-size-cloud-worker=32768"
    "memorysetup-temp-allocator-size-gi-baking-worker=262144"
    "memorysetup-temp-allocator-size-gfx=262144"
Player connection [40136] Host "[IP] 192.168.86.126 [Port] 0 [Flags] 2 [Guid] 4115568034 [EditorId] 4115568034 [Version] 1048832 [Id] WindowsEditor(7,DESKTOP-7PNC6K9) [Debug] 1 [PackageName] WindowsEditor [ProjectName] Editor" joined multi-casting on [225.0.0.222:54997]...

Player connection [40136] Host "[IP] 192.168.86.126 [Port] 0 [Flags] 2 [Guid] 4115568034 [EditorId] 4115568034 [Version] 1048832 [Id] WindowsEditor(7,DESKTOP-7PNC6K9) [Debug] 1 [PackageName] WindowsEditor [ProjectName] Editor" joined alternative multi-casting on [225.0.0.222:34997]...

[Physics::Module] Initialized MultithreadedJobDispatcher with 47 workers.
Refreshing native plugins compatible for Editor in 64.19 ms, found 6 plugins.
Preloading 0 native plugins for Editor in 0.00 ms.
Initialize engine version: 2022.3.28f1 (6bae5ce6b222)
[Subsystems] Discovering subsystems at path C:/Program Files/Unity/Hub/Editor/2022.3.28f1/Editor/Data/Resources/UnitySubsystems
[Subsystems] Discovering subsystems at path C:/Users/c/Dropbox/GitHub/FootsiesV2/Assets
GfxDevice: creating device client; threaded=0; jobified=0
Direct3D:
    Version:  Direct3D 11.0 [level 11.1]
    Renderer: NVIDIA GeForce RTX 3090 (ID=0x2204)
    Vendor:   NVIDIA
    VRAM:     24326 MB
    Driver:   32.0.15.6094
Initialize mono
Mono path[0] = 'C:/Program Files/Unity/Hub/Editor/2022.3.28f1/Editor/Data/Managed'
Mono path[1] = 'C:/Program Files/Unity/Hub/Editor/2022.3.28f1/Editor/Data/MonoBleedingEdge/lib/mono/unityjit-win32'
Mono config path = 'C:/Program Files/Unity/Hub/Editor/2022.3.28f1/Editor/Data/MonoBleedingEdge/etc'
Using monoOptions --debugger-agent=transport=dt_socket,embedding=1,server=y,suspend=n,address=127.0.0.1:56128
Begin MonoManager ReloadAssembly
Registering precompiled unity dll's ...
Register platform support module: C:/Program Files/Unity/Hub/Editor/2022.3.28f1/Editor/Data/PlaybackEngines/WebGLSupport/UnityEditor.WebGL.Extensions.dll
Register platform support module: C:/Program Files/Unity/Hub/Editor/2022.3.28f1/Editor/Data/PlaybackEngines/WindowsStandaloneSupport/UnityEditor.WindowsStandalone.Extensions.dll
Register platform support module: C:/Program Files/Unity/Hub/Editor/2022.3.28f1/Editor/Data/PlaybackEngines/LinuxStandaloneSupport/UnityEditor.LinuxStandalone.Extensions.dll
Registered in 0.011968 seconds.
- Loaded All Assemblies, in  0.331 seconds
Native extension for LinuxStandalone target not found
Native extension for WindowsStandalone target not found
Native extension for WebGL target not found
Mono: successfully reloaded assembly
- Finished resetting the current domain, in  0.242 seconds
Domain Reload Profiling: 571ms
	BeginReloadAssembly (100ms)
		ExecutionOrderSort (0ms)
		DisableScriptedObjects (0ms)
		BackupInstance (0ms)
		ReleaseScriptingObjects (0ms)
		CreateAndSetChildDomain (1ms)
	RebuildCommonClasses (32ms)
	RebuildNativeTypeToScriptingClass (11ms)
	initialDomainReloadingComplete (59ms)
	LoadAllAssembliesAndSetupDomain (127ms)
		LoadAssemblies (98ms)
		RebuildTransferFunctionScriptingTraits (0ms)
		AnalyzeDomain (125ms)
			TypeCache.Refresh (124ms)
				TypeCache.ScanAssembly (113ms)
			ScanForSourceGeneratedMonoScriptInfo (0ms)
			ResolveRequiredComponents (0ms)
	FinalizeReload (242ms)
		ReleaseScriptCaches (0ms)
		RebuildScriptCaches (0ms)
		SetupLoadedEditorAssemblies (190ms)
			LogAssemblyErrors (0ms)
			InitializePlatformSupportModulesInManaged (12ms)
			SetLoadedEditorAssemblies (5ms)
			RefreshPlugins (0ms)
			BeforeProcessingInitializeOnLoad (2ms)
			ProcessInitializeOnLoadAttributes (130ms)
			ProcessInitializeOnLoadMethodAttributes (41ms)
			AfterProcessingInitializeOnLoad (0ms)
			EditorAssembliesLoaded (0ms)
		ExecutionOrderSort2 (0ms)
		AwakeInstancesAfterBackupRestoration (0ms)
========================================================================
Worker process is ready to serve import requests
Begin MonoManager ReloadAssembly
Duplicate assembly 'System.Runtime.CompilerServices.Unsafe.dll' with different versions detected, using 'Assets/Plugins/system.runtime.compilerservices.unsafe/6.0.0/lib/netstandard2.0/System.Runtime.CompilerServices.Unsafe.dll, AssemblyName=System.Runtime.CompilerServices.Unsafe, Version=6.0.0.0, Culture=neutral, PublicKeyToken=b03f5f7f11d50a3a' and ignoring 'Assets/Plugins/system.runtime.compilerservices.unsafe/4.5.3/ref/netstandard2.0/System.Runtime.CompilerServices.Unsafe.dll, AssemblyName=System.Runtime.CompilerServices.Unsafe, Version=4.0.4.1, Culture=neutral, PublicKeyToken=b03f5f7f11d50a3a'.Duplicate assembly 'System.Runtime.CompilerServices.Unsafe.dll' with different versions detected, using 'Assets/Plugins/system.runtime.compilerservices.unsafe/6.0.0/lib/netstandard2.0/System.Runtime.CompilerServices.Unsafe.dll, AssemblyName=System.Runtime.CompilerServices.Unsafe, Version=6.0.0.0, Culture=neutral, PublicKeyToken=b03f5f7f11d50a3a' and ignoring 'Assets/Plugins/system.runtime.compilerservices.unsafe/4.5.3/lib/net461/System.Runtime.CompilerServices.Unsafe.dll, AssemblyName=System.Runtime.CompilerServices.Unsafe, Version=4.0.4.1, Culture=neutral, PublicKeyToken=b03f5f7f11d50a3a'.Duplicate assembly 'System.Runtime.CompilerServices.Unsafe.dll' with different versions detected, using 'Assets/Plugins/system.runtime.compilerservices.unsafe/6.0.0/lib/netstandard2.0/System.Runtime.CompilerServices.Unsafe.dll, AssemblyName=System.Runtime.CompilerServices.Unsafe, Version=6.0.0.0, Culture=neutral, PublicKeyToken=b03f5f7f11d50a3a' and ignoring 'Assets/Plugins/system.runtime.compilerservices.unsafe/4.5.3/lib/netstandard1.0/System.Runtime.CompilerServices.Unsafe.dll, AssemblyName=System.Runtime.CompilerServices.Unsafe, Version=4.0.4.1, Culture=neutral, PublicKeyToken=b03f5f7f11d50a3a'.Duplicate assembly 'System.Runtime.CompilerServices.Unsafe.dll' with different versions detected, using 'Assets/Plugins/system.runtime.compilerservices.unsafe/6.0.0/lib/netstandard2.0/System.Runtime.CompilerServices.Unsafe.dll, AssemblyName=System.Runtime.CompilerServices.Unsafe, Version=6.0.0.0, Culture=neutral, PublicKeyToken=b03f5f7f11d50a3a' and ignoring 'Assets/Plugins/system.runtime.compilerservices.unsafe/4.5.3/lib/netstandard2.0/System.Runtime.CompilerServices.Unsafe.dll, AssemblyName=System.Runtime.CompilerServices.Unsafe, Version=4.0.4.1, Culture=neutral, PublicKeyToken=b03f5f7f11d50a3a'.Duplicate assembly 'System.Runtime.CompilerServices.Unsafe.dll' with different versions detected, using 'Assets/Plugins/system.runtime.compilerservices.unsafe/6.0.0/lib/netstandard2.0/System.Runtime.CompilerServices.Unsafe.dll, AssemblyName=System.Runtime.CompilerServices.Unsafe, Version=6.0.0.0, Culture=neutral, PublicKeyToken=b03f5f7f11d50a3a' and ignoring 'Assets/Plugins/system.runtime.compilerservices.unsafe/4.5.3/ref/net461/System.Runtime.CompilerServices.Unsafe.dll, AssemblyName=System.Runtime.CompilerServices.Unsafe, Version=4.0.4.1, Culture=neutral, PublicKeyToken=b03f5f7f11d50a3a'.Duplicate assembly 'System.Runtime.CompilerServices.Unsafe.dll' with different versions detected, using 'Assets/Plugins/system.runtime.compilerservices.unsafe/6.0.0/lib/netstandard2.0/System.Runtime.CompilerServices.Unsafe.dll, AssemblyName=System.Runtime.CompilerServices.Unsafe, Version=6.0.0.0, Culture=neutral, PublicKeyToken=b03f5f7f11d50a3a' and ignoring 'Assets/Plugins/system.runtime.compilerservices.unsafe/4.5.2/ref/netstandard2.0/System.Runtime.CompilerServices.Unsafe.dll, AssemblyName=System.Runtime.CompilerServices.Unsafe, Version=4.0.4.1, Culture=neutral, PublicKeyToken=b03f5f7f11d50a3a'.Duplicate assembly 'System.Runtime.CompilerServices.Unsafe.dll' with different versions detected, using 'Assets/Plugins/system.runtime.compilerservices.unsafe/6.0.0/lib/netstandard2.0/System.Runtime.CompilerServices.Unsafe.dll, AssemblyName=System.Runtime.CompilerServices.Unsafe, Version=6.0.0.0, Culture=neutral, PublicKeyToken=b03f5f7f11d50a3a' and ignoring 'Assets/Plugins/system.runtime.compilerservices.unsafe/4.5.2/lib/netstandard2.0/System.Runtime.CompilerServices.Unsafe.dll, AssemblyName=System.Runtime.CompilerServices.Unsafe, Version=4.0.4.1, Culture=neutral, PublicKeyToken=b03f5f7f11d50a3a'.Duplicate assembly 'System.Runtime.CompilerServices.Unsafe.dll' with different versions detected, using 'Assets/Plugins/system.runtime.compilerservices.unsafe/6.0.0/lib/netstandard2.0/System.Runtime.CompilerServices.Unsafe.dll, AssemblyName=System.Runtime.CompilerServices.Unsafe, Version=6.0.0.0, Culture=neutral, PublicKeyToken=b03f5f7f11d50a3a' and ignoring 'Assets/Plugins/system.runtime.compilerservices.unsafe/4.5.2/lib/netcoreapp2.0/System.Runtime.CompilerServices.Unsafe.dll, AssemblyName=System.Runtime.CompilerServices.Unsafe, Version=4.0.4.1, Culture=neutral, PublicKeyToken=b03f5f7f11d50a3a'.Duplicate assembly 'System.Runtime.CompilerServices.Unsafe.dll' with different versions detected, using 'Assets/Plugins/system.runtime.compilerservices.unsafe/6.0.0/lib/netstandard2.0/System.Runtime.CompilerServices.Unsafe.dll, AssemblyName=System.Runtime.CompilerServices.Unsafe, Version=6.0.0.0, Culture=neutral, PublicKeyToken=b03f5f7f11d50a3a' and ignoring 'Assets/Plugins/system.runtime.compilerservices.unsafe/4.5.2/lib/netstandard1.0/System.Runtime.CompilerServices.Unsafe.dll, AssemblyName=System.Runtime.CompilerServices.Unsafe, Version=4.0.4.1, Culture=neutral, PublicKeyToken=b03f5f7f11d50a3a'.Duplicate assembly 'System.Runtime.CompilerServices.Unsafe.dll' with different versions detected, using 'Assets/Plugins/system.runtime.compilerservices.unsafe/6.0.0/lib/netstandard2.0/System.Runtime.CompilerServices.Unsafe.dll, AssemblyName=System.Runtime.CompilerServices.Unsafe, Version=6.0.0.0, Culture=neutral, PublicKeyToken=b03f5f7f11d50a3a' and ignoring 'Assets/Plugins/system.runtime.compilerservices.unsafe/4.5.2/ref/netstandard1.0/System.Runtime.CompilerServices.Unsafe.dll, AssemblyName=System.Runtime.CompilerServices.Unsafe, Version=4.0.4.1, Culture=neutral, PublicKeyToken=b03f5f7f11d50a3a'.Duplicate assembly 'System.Runtime.CompilerServices.Unsafe.dll' with different versions detected, using 'Assets/Plugins/system.runtime.compilerservices.unsafe/6.0.0/lib/netstandard2.0/System.Runtime.CompilerServices.Unsafe.dll, AssemblyName=System.Runtime.CompilerServices.Unsafe, Version=6.0.0.0, Culture=neutral, PublicKeyToken=b03f5f7f11d50a3a' and ignoring 'Assets/Plugins/system.runtime.compilerservices.unsafe/4.5.3/lib/netcoreapp2.0/System.Runtime.CompilerServices.Unsafe.dll, AssemblyName=System.Runtime.CompilerServices.Unsafe, Version=4.0.4.1, Culture=neutral, PublicKeyToken=b03f5f7f11d50a3a'.Duplicate assembly 'Google.Protobuf.dll' with different versions detected, using 'Assets/Plugins/google.protobuf/3.26.1/lib/netstandard1.1/Google.Protobuf.dll, AssemblyName=Google.Protobuf, Version=3.26.1.0, Culture=neutral, PublicKeyToken=a7d26565bac4d604' and ignoring 'Packages/com.unity.barracuda/Barracuda/Runtime/Plugins/ProtoBuffer/Google.Protobuf.dll, AssemblyName=Google.Protobuf, Version=3.9.1.0, Culture=neutral, PublicKeyToken=a7d26565bac4d604'.Symbol file LoadedFromMemory is not a mono symbol file
- Loaded All Assemblies, in  0.845 seconds
Refreshing native plugins compatible for Editor in 19.45 ms, found 6 plugins.
Native extension for LinuxStandalone target not found
Native extension for WindowsStandalone target not found
Native extension for WebGL target not found
Package Manager log level set to [2]
[Package Manager] Server::EnsureServerProcessIsRunning -- launch failed, reason: Unity was launched with the -noUpm command-line argument
[Package Manager] UpmClient::Send -- Unable to send message (not connected to UPM process).
[Package Manager] Cannot connect to Unity Package Manager local server
Mono: successfully reloaded assembly
- Finished resetting the current domain, in  1.019 seconds
Domain Reload Profiling: 1859ms
	BeginReloadAssembly (148ms)
		ExecutionOrderSort (0ms)
		DisableScriptedObjects (5ms)
		BackupInstance (0ms)
		ReleaseScriptingObjects (0ms)
		CreateAndSetChildDomain (20ms)
	RebuildCommonClasses (31ms)
	RebuildNativeTypeToScriptingClass (10ms)
	initialDomainReloadingComplete (38ms)
	LoadAllAssembliesAndSetupDomain (612ms)
		LoadAssemblies (522ms)
		RebuildTransferFunctionScriptingTraits (0ms)
		AnalyzeDomain (160ms)
			TypeCache.Refresh (134ms)
				TypeCache.ScanAssembly (118ms)
			ScanForSourceGeneratedMonoScriptInfo (22ms)
			ResolveRequiredComponents (4ms)
	FinalizeReload (1020ms)
		ReleaseScriptCaches (0ms)
		RebuildScriptCaches (0ms)
		SetupLoadedEditorAssemblies (852ms)
			LogAssemblyErrors (0ms)
			InitializePlatformSupportModulesInManaged (20ms)
			SetLoadedEditorAssemblies (5ms)
			RefreshPlugins (0ms)
			BeforeProcessingInitializeOnLoad (77ms)
			ProcessInitializeOnLoadAttributes (482ms)
			ProcessInitializeOnLoadMethodAttributes (259ms)
			AfterProcessingInitializeOnLoad (8ms)
			EditorAssembliesLoaded (0ms)
		ExecutionOrderSort2 (0ms)
		AwakeInstancesAfterBackupRestoration (11ms)
Launched and connected shader compiler UnityShaderCompiler.exe after 0.21 seconds
Refreshing native plugins compatible for Editor in 29.92 ms, found 6 plugins.
Preloading 0 native plugins for Editor in 0.00 ms.
Unloading 3455 Unused Serialized files (Serialized files now loaded: 0)
Unloading 180 unused Assets / (27.8 MB). Loaded Objects now: 3800.
Memory consumption went from 184.9 MB to 157.0 MB.
Total: 13.568000 ms (FindLiveObjects: 0.379000 ms CreateObjectMapping: 0.091900 ms MarkObjects: 6.812100 ms  DeleteObjects: 6.283700 ms)

AssetImportParameters requested are different than current active one (requested -> active):
  custom:container-demuxer-ogg: 62fdf1f143b41e24485cea50d1cbac27 -> 
  custom:video-decoder-ogg-theora: a1e56fd34408186e4bbccfd4996cb3dc -> 
  custom:framework-win-MediaFoundation: 216162199b28c13a410421893ffa2e32 -> 
  custom:CustomObjectIndexerAttribute: 9a22284fe3817be447336de3de66b15e -> 
  custom:container-demuxer-webm: 4f35f7cbe854078d1ac9338744f61a02 -> 
  custom:container-muxer-webm: aa71ff27fc2769a1b78a27578f13a17b -> 
  custom:video-decoder-webm-vp8: 9c59270c3fd7afecdb556c50c9e8de78 -> 
  custom:SearchIndexIgnoredProperties: e643bd26f0fe6173181afceb89e7c659 -> 
  custom:AudioImporter_EditorPlatform: d09bf68614088b80899f8185d706f6e7 -> 
  custom:video-encoder-webm-vp8: eb34c28f22e8b96e1ab97ce403110664 -> 
  custom:audio-decoder-ogg-vorbis: bf7c407c2cedff20999df2af8eb42d56 -> 
  custom:audio-encoder-webm-vorbis: bf7c407c2cedff20999df2af8eb42d56 -> 
========================================================================
Received Import Request.
  Time since last request: 2768.907286 seconds.
  path: Assets/Art/HitEffect.png
  artifactKey: Guid(fd948abaa10958b43b05b8b445524b48) Importer(815301076,1909f56bfc062723c751e8b465ee728b)
Start importing Assets/Art/HitEffect.png using Guid(fd948abaa10958b43b05b8b445524b48) Importer(815301076,1909f56bfc062723c751e8b465ee728b)  -> (artifact id: 'e6af768a24a97e8443322859e35e6e53') in 0.125572 seconds
Number of updated asset objects reloaded before import = 0
Number of asset objects unloaded after import = 8
========================================================================
Received Import Request.
  Time since last request: 116.377867 seconds.
  path: Assets/Art/Fighters
  artifactKey: Guid(63b0e20506b0c354fb162aa594bac9e9) Importer(815301076,1909f56bfc062723c751e8b465ee728b)
Start importing Assets/Art/Fighters using Guid(63b0e20506b0c354fb162aa594bac9e9) Importer(815301076,1909f56bfc062723c751e8b465ee728b)  -> (artifact id: '7b938bde8a121e06b80c35a07086ae00') in 0.000625 seconds
Number of updated asset objects reloaded before import = 0
Number of asset objects unloaded after import = 0
========================================================================
Received Import Request.
  Time since last request: 4.803586 seconds.
  path: Assets/Art/Fighters/F00
  artifactKey: Guid(46ca865f5bf8b9449b4fb6a6a2ae7039) Importer(815301076,1909f56bfc062723c751e8b465ee728b)
Start importing Assets/Art/Fighters/F00 using Guid(46ca865f5bf8b9449b4fb6a6a2ae7039) Importer(815301076,1909f56bfc062723c751e8b465ee728b)  -> (artifact id: 'ceb56efe4b791c15079e1f3d5c745257') in 0.000444 seconds
Number of updated asset objects reloaded before import = 0
Number of asset objects unloaded after import = 0
========================================================================
Received Import Request.
  Time since last request: 0.061197 seconds.
  path: Assets/Art/Fighters/F00/F00_Attack_0.png
  artifactKey: Guid(04a513ca6abc2314e94110b5cbe22556) Importer(815301076,1909f56bfc062723c751e8b465ee728b)
Start importing Assets/Art/Fighters/F00/F00_Attack_0.png using Guid(04a513ca6abc2314e94110b5cbe22556) Importer(815301076,1909f56bfc062723c751e8b465ee728b)  -> (artifact id: '9779a82f24ce2ebdb6629344501c6f35') in 0.024046 seconds
Number of updated asset objects reloaded before import = 0
Number of asset objects unloaded after import = 7
========================================================================
Received Import Request.
  Time since last request: 0.000039 seconds.
  path: Assets/Art/Fighters/F00/F00_Attack_2.png
  artifactKey: Guid(37ff798138f71a546b52579d8175e71c) Importer(815301076,1909f56bfc062723c751e8b465ee728b)
Start importing Assets/Art/Fighters/F00/F00_Attack_2.png using Guid(37ff798138f71a546b52579d8175e71c) Importer(815301076,1909f56bfc062723c751e8b465ee728b)  -> (artifact id: 'baf73fdf09b37538cb426907b8447fee') in 0.022548 seconds
Number of updated asset objects reloaded before import = 0
Number of asset objects unloaded after import = 7
========================================================================
Received Import Request.
  Time since last request: 0.000027 seconds.
  path: Assets/Art/Fighters/F00/F00_BackwardDash.png
  artifactKey: Guid(9dbb26f3ed9c0864b9e46dc40cf91676) Importer(815301076,1909f56bfc062723c751e8b465ee728b)
Start importing Assets/Art/Fighters/F00/F00_BackwardDash.png using Guid(9dbb26f3ed9c0864b9e46dc40cf91676) Importer(815301076,1909f56bfc062723c751e8b465ee728b)  -> (artifact id: 'bb8b6821aafc0bd44bcc1dbb8d0348f6') in 0.017597 seconds
Number of updated asset objects reloaded before import = 0
Number of asset objects unloaded after import = 6
========================================================================
Received Import Request.
  Time since last request: 0.000015 seconds.
  path: Assets/Art/Fighters/F00/F00_Dead.png
  artifactKey: Guid(3f7e06c7a7fdb96459606d78ab80aa33) Importer(815301076,1909f56bfc062723c751e8b465ee728b)
Start importing Assets/Art/Fighters/F00/F00_Dead.png using Guid(3f7e06c7a7fdb96459606d78ab80aa33) Importer(815301076,1909f56bfc062723c751e8b465ee728b)  -> (artifact id: 'a391a5139fe8053bd95c74cbbd8c07f4') in 0.026559 seconds
Number of updated asset objects reloaded before import = 0
Number of asset objects unloaded after import = 10
========================================================================
Received Import Request.
  Time since last request: 0.001800 seconds.
  path: Assets/Art/Fighters/F00/F00_StandGuard.png
  artifactKey: Guid(b8eb853318a370f4489298c12ce13fba) Importer(815301076,1909f56bfc062723c751e8b465ee728b)
Start importing Assets/Art/Fighters/F00/F00_StandGuard.png using Guid(b8eb853318a370f4489298c12ce13fba) Importer(815301076,1909f56bfc062723c751e8b465ee728b)  -> (artifact id: 'a6ae88398a504eebc5cd16cd2fdb5654') in 0.016658 seconds
Number of updated asset objects reloaded before import = 0
Number of asset objects unloaded after import = 4
========================================================================
Received Import Request.
  Time since last request: 0.000018 seconds.
  path: Assets/Art/Fighters/F00/Idle_0.png
  artifactKey: Guid(1b5cbbaa9ca03034da3fd353f814abc1) Importer(815301076,1909f56bfc062723c751e8b465ee728b)
Start importing Assets/Art/Fighters/F00/Idle_0.png using Guid(1b5cbbaa9ca03034da3fd353f814abc1) Importer(815301076,1909f56bfc062723c751e8b465ee728b)  -> (artifact id: '13b600570f5ae94bec02fa3d5c189551') in 0.015919 seconds
Number of updated asset objects reloaded before import = 0
Number of asset objects unloaded after import = 3
========================================================================
Received Import Request.
  Time since last request: 0.000016 seconds.
  path: Assets/Art/Fighters/F00/F00_Win.png
  artifactKey: Guid(b7e8b9cc003ac4140a100023761385de) Importer(815301076,1909f56bfc062723c751e8b465ee728b)
Start importing Assets/Art/Fighters/F00/F00_Win.png using Guid(b7e8b9cc003ac4140a100023761385de) Importer(815301076,1909f56bfc062723c751e8b465ee728b)  -> (artifact id: '2f6b0cb1859d00302b69bdfb6f8076a8') in 0.029698 seconds
Number of updated asset objects reloaded before import = 0
Number of asset objects unloaded after import = 10
========================================================================
Received Import Request.
  Time since last request: 0.000021 seconds.
  path: Assets/Art/Fighters/F00/F00_ForwardDash.png
  artifactKey: Guid(dbd3c6e7c7961bf4e858000c338d457b) Importer(815301076,1909f56bfc062723c751e8b465ee728b)
Start importing Assets/Art/Fighters/F00/F00_ForwardDash.png using Guid(dbd3c6e7c7961bf4e858000c338d457b) Importer(815301076,1909f56bfc062723c751e8b465ee728b)  -> (artifact id: '2cd59b985a62e1621d5d66ada7a22af7') in 0.022149 seconds
Number of updated asset objects reloaded before import = 0
Number of asset objects unloaded after import = 7
========================================================================
Received Import Request.
  Time since last request: 0.000015 seconds.
  path: Assets/Art/Fighters/F00/F00_CrouchGuard.png
  artifactKey: Guid(097ed41fdd023c8418188b30e522de12) Importer(815301076,1909f56bfc062723c751e8b465ee728b)
Start importing Assets/Art/Fighters/F00/F00_CrouchGuard.png using Guid(097ed41fdd023c8418188b30e522de12) Importer(815301076,1909f56bfc062723c751e8b465ee728b)  -> (artifact id: '73241734e969281f472d6135eda2642a') in 0.014675 seconds
Number of updated asset objects reloaded before import = 0
Number of asset objects unloaded after import = 4
Editor requested this worker to shutdown with reason: Scaling down because of idle timeout
TcpMessagingSession - receive error: operation aborted. errorcode: 995, details: The I/O operation has been aborted because of either a thread exit or an application request.
AssetImportWorker is now disconnected from the server
Process exiting
Exiting without the bug reporter. Application will terminate with return code 0